#
# There is insufficient memory for the Java Runtime Environment to continue.
# Native memory allocation (malloc) failed to allocate 1063856 bytes for Chunk::new
# Possible reasons:
#   The system is out of physical RAM or swap space
#   In 32 bit mode, the process size limit was hit
# Possible solutions:
#   Reduce memory load on the system
#   Increase physical memory or swap space
#   Check if swap backing store is full
#   Use 64 bit Java on a 64 bit OS
#   Decrease Java heap size (-Xmx/-Xms)
#   Decrease number of Java threads
#   Decrease Java thread stack sizes (-Xss)
#   Set larger code cache with -XX:ReservedCodeCacheSize=
# This output file may be truncated or incomplete.
#
#  Out of Memory Error (allocation.cpp:390), pid=7100, tid=0x00000000000014b8
#
# JRE version: OpenJDK Runtime Environment (8.0_152-b06) (build 1.8.0_152-release-1136-b06)
# Java VM: OpenJDK 64-Bit Server VM (25.152-b06 mixed mode windows-amd64 compressed oops)
# Failed to write core dump. Minidumps are not enabled by default on client versions of Windows
#

---------------  T H R E A D  ---------------

Current thread (0x00000000579d6000):  JavaThread "C2 CompilerThread1" daemon [_thread_in_native, id=5304, stack(0x0000000057e30000,0x0000000057f30000)]

Stack: [0x0000000057e30000,0x0000000057f30000]
[error occurred during error reporting (printing stack bounds), id 0xc0000005]

Native frames: (J=compiled Java code, j=interpreted, Vv=VM code, C=native code)


Current CompileTask:
C2: 192485 15802       4       com.android.tools.r8.ir.conversion.JarSourceCode::build (3667 bytes)


---------------  P R O C E S S  ---------------

Java Threads: ( => current thread )
  0x000000005cb82800 JavaThread "ForkJoinPool.commonPool-worker-2" daemon [_thread_blocked, id=4952, stack(0x0000000065c60000,0x0000000065d60000)]
  0x000000005cb7e000 JavaThread "ForkJoinPool.commonPool-worker-1" daemon [_thread_in_Java, id=7076, stack(0x0000000066020000,0x0000000066120000)]
  0x000000005cb83000 JavaThread "ForkJoinPool.commonPool-worker-0" daemon [_thread_blocked, id=6128, stack(0x0000000062410000,0x0000000062510000)]
  0x000000005cb7e800 JavaThread "stdout" [_thread_in_native, id=5408, stack(0x0000000065940000,0x0000000065a40000)]
  0x000000005cb81800 JavaThread "stderr" [_thread_in_native, id=5632, stack(0x00000000654b0000,0x00000000655b0000)]
  0x0000000057c50000 JavaThread "pool-11-thread-1" [_thread_blocked, id=6176, stack(0x0000000065820000,0x0000000065920000)]
  0x0000000057c4f800 JavaThread "Task worker for ':' Thread 3" [_thread_blocked, id=4944, stack(0x0000000065390000,0x0000000065490000)]
  0x0000000057c51000 JavaThread "Task worker for ':' Thread 2" [_thread_blocked, id=6372, stack(0x0000000064f20000,0x0000000065020000)]
  0x0000000057c51800 JavaThread "Task worker for ':'" [_thread_blocked, id=6964, stack(0x0000000064e20000,0x0000000064f20000)]
  0x0000000057c4d000 JavaThread "Cache worker for Build Output Cleanup Cache (E:\Users\Vesrand\Android\2\.gradle\buildOutputCleanup)" [_thread_blocked, id=2384, stack(0x00000000649e0000,0x0000000064ae0000)]
  0x0000000057c4e000 JavaThread "Cache worker for task history cache (E:\Users\Vesrand\Android\2\.gradle\4.6\taskHistory)" [_thread_blocked, id=5712, stack(0x0000000064820000,0x0000000064920000)]
  0x0000000057c4e800 JavaThread "Cache worker for file content cache (E:\Users\Vesrand\Android\2\.gradle\4.6\fileContent)" [_thread_blocked, id=5264, stack(0x0000000063d00000,0x0000000063e00000)]
  0x0000000057c4c800 JavaThread "Build operations Thread 4" [_thread_blocked, id=428, stack(0x000000005c320000,0x000000005c420000)]
  0x0000000057c4b800 JavaThread "Build operations Thread 3" [_thread_blocked, id=3276, stack(0x0000000062b20000,0x0000000062c20000)]
  0x00000000579e5000 JavaThread "Build operations Thread 2" [_thread_blocked, id=3244, stack(0x0000000062060000,0x0000000062160000)]
  0x00000000579e4800 JavaThread "Build operations" [_thread_blocked, id=5652, stack(0x00000000580a0000,0x00000000581a0000)]
  0x00000000579db800 JavaThread "Cache worker for Artifact transforms cache (C:\Users\Verandis\.gradle\caches\transforms-1)" [_thread_blocked, id=6828, stack(0x00000000607f0000,0x00000000608f0000)]
  0x00000000579e3800 JavaThread "Cache worker for file hash cache (E:\Users\Vesrand\Android\2\.gradle\4.6\fileHashes)" [_thread_blocked, id=6052, stack(0x00000000606e0000,0x00000000607e0000)]
  0x00000000579dc000 JavaThread "Stdin handler" [_thread_blocked, id=6488, stack(0x000000005b0c0000,0x000000005b1c0000)]
  0x00000000579dd000 JavaThread "Asynchronous log dispatcher for DefaultDaemonConnection: socket connection from /127.0.0.1:51068 to /127.0.0.1:51613" [_thread_blocked, id=2928, stack(0x000000005bd00000,0x000000005be00000)]
  0x00000000579e0800 JavaThread "Cancel handler" [_thread_blocked, id=4496, stack(0x000000005fee0000,0x000000005ffe0000)]
  0x00000000579da800 JavaThread "Handler for socket connection from /127.0.0.1:51068 to /127.0.0.1:51613" [_thread_in_native, id=7092, stack(0x000000005ba60000,0x000000005bb60000)]
  0x000000005d870000 JavaThread "pool-1-thread-1" [_thread_blocked, id=6316, stack(0x0000000061e40000,0x0000000061f40000)]
  0x00000000579e0000 JavaThread "Memory manager" [_thread_blocked, id=1308, stack(0x000000005c200000,0x000000005c300000)]
  0x0000000059b77000 JavaThread "File lock request listener" [_thread_in_native, id=5340, stack(0x000000005b8d0000,0x000000005b9d0000)]
  0x0000000059cb4000 JavaThread "Cache worker for file hash cache (C:\Users\Verandis\.gradle\caches\4.6\fileHashes)" [_thread_blocked, id=5640, stack(0x000000005c0c0000,0x000000005c1c0000)]
  0x00000000593ef800 JavaThread "Daemon worker" [_thread_blocked, id=6236, stack(0x000000005bbc0000,0x000000005bcc0000)]
  0x000000005947f800 JavaThread "Daemon" [_thread_blocked, id=5540, stack(0x000000005b5a0000,0x000000005b6a0000)]
  0x000000005a2e7000 JavaThread "Daemon periodic checks" [_thread_blocked, id=4340, stack(0x000000005b3a0000,0x000000005b4a0000)]
  0x0000000059bdc800 JavaThread "Incoming local TCP Connector on port 51068" [_thread_in_native, id=6108, stack(0x000000005b220000,0x000000005b320000)]
  0x0000000057a6a000 JavaThread "Service Thread" daemon [_thread_blocked, id=4268, stack(0x0000000058430000,0x0000000058530000)]
  0x00000000579d7000 JavaThread "C1 CompilerThread2" daemon [_thread_blocked, id=7008, stack(0x00000000581a0000,0x00000000582a0000)]
=>0x00000000579d6000 JavaThread "C2 CompilerThread1" daemon [_thread_in_native, id=5304, stack(0x0000000057e30000,0x0000000057f30000)]
  0x00000000579c1000 JavaThread "C2 CompilerThread0" daemon [_thread_in_native, id=6228, stack(0x0000000057f70000,0x0000000058070000)]
  0x000000005612b800 JavaThread "Attach Listener" daemon [_thread_blocked, id=4260, stack(0x00000000578c0000,0x00000000579c0000)]
  0x0000000056124000 JavaThread "Signal Dispatcher" daemon [_thread_blocked, id=6000, stack(0x0000000057580000,0x0000000057680000)]
  0x0000000056108800 JavaThread "Finalizer" daemon [_thread_blocked, id=6980, stack(0x00000000576d0000,0x00000000577d0000)]
  0x00000000560c1000 JavaThread "Reference Handler" daemon [_thread_blocked, id=4968, stack(0x0000000057450000,0x0000000057550000)]
  0x0000000002088000 JavaThread "main" [_thread_blocked, id=6772, stack(0x0000000002240000,0x0000000002340000)]

Other Threads:
  0x00000000560b9800 VMThread [stack: 0x0000000057270000,0x0000000057370000] [id=6252]
  0x0000000057a6c800 WatcherThread [stack: 0x0000000058310000,0x0000000058410000] [id=2960]

VM state:not at safepoint (normal execution)

VM Mutex/Monitor currently owned by a thread: None

Heap:
 PSYoungGen      total 303616K, used 281868K [0x00000000e0000000, 0x00000000f7a00000, 0x0000000100000000)
  eden space 279040K, 98% used [0x00000000e0000000,0x00000000f0c2b270,0x00000000f1080000)
  from space 24576K, 29% used [0x00000000f1080000,0x00000000f1797e30,0x00000000f2880000)
  to   space 23552K, 0% used [0x00000000f6300000,0x00000000f6300000,0x00000000f7a00000)
 ParOldGen       total 125440K, used 63469K [0x00000000a0000000, 0x00000000a7a80000, 0x00000000e0000000)
  object space 125440K, 50% used [0x00000000a0000000,0x00000000a3dfb708,0x00000000a7a80000)
 Metaspace       used 82203K, capacity 85426K, committed 85656K, reserved 1124352K
  class space    used 10510K, capacity 11149K, committed 11184K, reserved 1048576K

Card table byte_map: [0x00000000119d0000,0x0000000011ce0000] byte_map_base: 0x00000000114d0000

Marking Bits: (ParMarkBitMap*) 0x000000006bbe5aa0
 Begin Bits: [0x0000000012430000, 0x0000000013c30000)
 End Bits:   [0x0000000013c30000, 0x0000000015430000)

Polling page: 0x0000000001b60000

CodeCache: size=245760Kb used=43282Kb max_used=43282Kb free=202477Kb
 bounds [0x0000000002610000, 0x0000000005090000, 0x0000000011610000]
 total_blobs=14435 nmethods=13582 adapters=764
 compilation: enabled

Compilation events (10 events):
Event: 192.433 Thread 0x00000000579d7000 16036       1       com.android.tools.r8.ir.code.Throw::instructionTypeCanThrow (2 bytes)
Event: 192.433 Thread 0x00000000579d7000 nmethod 16036 0x0000000005083d50 code [0x0000000005083ea0, 0x0000000005083fb0]
Event: 192.436 Thread 0x00000000579d7000 16044       2       com.android.tools.r8.ir.code.ArrayPut::buildDex (258 bytes)
Event: 192.437 Thread 0x00000000579d7000 nmethod 16044 0x0000000005084010 code [0x00000000050842c0, 0x0000000005084e58]
Event: 192.439 Thread 0x00000000579d7000 16045       2       com.android.tools.r8.ir.regalloc.LinearScanRegisterAllocator::computeLiveRanges (198 bytes)
Event: 192.440 Thread 0x00000000579d7000 nmethod 16045 0x0000000005085a10 code [0x0000000005085c80, 0x0000000005086518]
Event: 192.441 Thread 0x00000000579d7000 16046       2       com.android.tools.r8.ir.code.NewInstance::<init> (38 bytes)
Event: 192.442 Thread 0x00000000579d7000 nmethod 16046 0x0000000005086f10 code [0x0000000005087080, 0x0000000005087248]
Event: 192.454 Thread 0x00000000579d7000 16047       1       com.android.tools.r8.it.unimi.dsi.fastutil.objects.Object2ObjectLinkedOpenCustomHashMap$MapEntry::getValue (13 bytes)
Event: 192.455 Thread 0x00000000579d7000 nmethod 16047 0x0000000005087310 code [0x0000000005087460, 0x0000000005087590]

GC Heap History (10 events):
Event: 96.269 GC heap before
{Heap before GC invocations=18 (full 3):
 PSYoungGen      total 212480K, used 212479K [0x00000000e0000000, 0x00000000ee680000, 0x0000000100000000)
  eden space 196608K, 100% used [0x00000000e0000000,0x00000000ec000000,0x00000000ec000000)
  from space 15872K, 99% used [0x00000000ed700000,0x00000000ee67fd98,0x00000000ee680000)
  to   space 18944K, 0% used [0x00000000ec180000,0x00000000ec180000,0x00000000ed400000)
 ParOldGen       total 125440K, used 35294K [0x00000000a0000000, 0x00000000a7a80000, 0x00000000e0000000)
  object space 125440K, 28% used [0x00000000a0000000,0x00000000a2277a50,0x00000000a7a80000)
 Metaspace       used 79587K, capacity 82564K, committed 82712K, reserved 1120256K
  class space    used 10386K, capacity 11000K, committed 11056K, reserved 1048576K
Event: 96.303 GC heap after
Heap after GC invocations=18 (full 3):
 PSYoungGen      total 217088K, used 14199K [0x00000000e0000000, 0x00000000f1080000, 0x0000000100000000)
  eden space 198144K, 0% used [0x00000000e0000000,0x00000000e0000000,0x00000000ec180000)
  from space 18944K, 74% used [0x00000000ec180000,0x00000000ecf5dcd0,0x00000000ed400000)
  to   space 19968K, 0% used [0x00000000efd00000,0x00000000efd00000,0x00000000f1080000)
 ParOldGen       total 125440K, used 43356K [0x00000000a0000000, 0x00000000a7a80000, 0x00000000e0000000)
  object space 125440K, 34% used [0x00000000a0000000,0x00000000a2a57200,0x00000000a7a80000)
 Metaspace       used 79587K, capacity 82564K, committed 82712K, reserved 1120256K
  class space    used 10386K, capacity 11000K, committed 11056K, reserved 1048576K
}
Event: 97.867 GC heap before
{Heap before GC invocations=19 (full 3):
 PSYoungGen      total 217088K, used 212343K [0x00000000e0000000, 0x00000000f1080000, 0x0000000100000000)
  eden space 198144K, 100% used [0x00000000e0000000,0x00000000ec180000,0x00000000ec180000)
  from space 18944K, 74% used [0x00000000ec180000,0x00000000ecf5dcd0,0x00000000ed400000)
  to   space 19968K, 0% used [0x00000000efd00000,0x00000000efd00000,0x00000000f1080000)
 ParOldGen       total 125440K, used 43356K [0x00000000a0000000, 0x00000000a7a80000, 0x00000000e0000000)
  object space 125440K, 34% used [0x00000000a0000000,0x00000000a2a57200,0x00000000a7a80000)
 Metaspace       used 80113K, capacity 83098K, committed 83224K, reserved 1122304K
  class space    used 10393K, capacity 11011K, committed 11056K, reserved 1048576K
Event: 97.904 GC heap after
Heap after GC invocations=19 (full 3):
 PSYoungGen      total 254464K, used 19940K [0x00000000e0000000, 0x00000000f2680000, 0x0000000100000000)
  eden space 234496K, 0% used [0x00000000e0000000,0x00000000e0000000,0x00000000ee500000)
  from space 19968K, 99% used [0x00000000efd00000,0x00000000f10793b0,0x00000000f1080000)
  to   space 24576K, 0% used [0x00000000ee500000,0x00000000ee500000,0x00000000efd00000)
 ParOldGen       total 125440K, used 48567K [0x00000000a0000000, 0x00000000a7a80000, 0x00000000e0000000)
  object space 125440K, 38% used [0x00000000a0000000,0x00000000a2f6dee8,0x00000000a7a80000)
 Metaspace       used 80113K, capacity 83098K, committed 83224K, reserved 1122304K
  class space    used 10393K, capacity 11011K, committed 11056K, reserved 1048576K
}
Event: 99.166 GC heap before
{Heap before GC invocations=20 (full 3):
 PSYoungGen      total 254464K, used 253958K [0x00000000e0000000, 0x00000000f2680000, 0x0000000100000000)
  eden space 234496K, 99% used [0x00000000e0000000,0x00000000ee488600,0x00000000ee500000)
  from space 19968K, 99% used [0x00000000efd00000,0x00000000f10793b0,0x00000000f1080000)
  to   space 24576K, 0% used [0x00000000ee500000,0x00000000ee500000,0x00000000efd00000)
 ParOldGen       total 125440K, used 48567K [0x00000000a0000000, 0x00000000a7a80000, 0x00000000e0000000)
  object space 125440K, 38% used [0x00000000a0000000,0x00000000a2f6dee8,0x00000000a7a80000)
 Metaspace       used 80472K, capacity 83516K, committed 83864K, reserved 1122304K
  class space    used 10417K, capacity 11058K, committed 11184K, reserved 1048576K
Event: 99.187 GC heap after
Heap after GC invocations=20 (full 3):
 PSYoungGen      total 259072K, used 4896K [0x00000000e0000000, 0x00000000f4000000, 0x0000000100000000)
  eden space 234496K, 0% used [0x00000000e0000000,0x00000000e0000000,0x00000000ee500000)
  from space 24576K, 19% used [0x00000000ee500000,0x00000000ee9c81c0,0x00000000efd00000)
  to   space 24064K, 0% used [0x00000000f2880000,0x00000000f2880000,0x00000000f4000000)
 ParOldGen       total 125440K, used 61594K [0x00000000a0000000, 0x00000000a7a80000, 0x00000000e0000000)
  object space 125440K, 49% used [0x00000000a0000000,0x00000000a3c26938,0x00000000a7a80000)
 Metaspace       used 80472K, capacity 83516K, committed 83864K, reserved 1122304K
  class space    used 10417K, capacity 11058K, committed 11184K, reserved 1048576K
}
Event: 99.244 GC heap before
{Heap before GC invocations=21 (full 3):
 PSYoungGen      total 259072K, used 238943K [0x00000000e0000000, 0x00000000f4000000, 0x0000000100000000)
  eden space 234496K, 99% used [0x00000000e0000000,0x00000000ee48fa90,0x00000000ee500000)
  from space 24576K, 19% used [0x00000000ee500000,0x00000000ee9c81c0,0x00000000efd00000)
  to   space 24064K, 0% used [0x00000000f2880000,0x00000000f2880000,0x00000000f4000000)
 ParOldGen       total 125440K, used 61594K [0x00000000a0000000, 0x00000000a7a80000, 0x00000000e0000000)
  object space 125440K, 49% used [0x00000000a0000000,0x00000000a3c26938,0x00000000a7a80000)
 Metaspace       used 80482K, capacity 83516K, committed 83864K, reserved 1122304K
  class space    used 10417K, capacity 11058K, committed 11184K, reserved 1048576K
Event: 99.247 GC heap after
Heap after GC invocations=21 (full 3):
 PSYoungGen      total 303104K, used 96K [0x00000000e0000000, 0x00000000f4d80000, 0x0000000100000000)
  eden space 279040K, 0% used [0x00000000e0000000,0x00000000e0000000,0x00000000f1080000)
  from space 24064K, 0% used [0x00000000f2880000,0x00000000f2898000,0x00000000f4000000)
  to   space 24576K, 0% used [0x00000000f1080000,0x00000000f1080000,0x00000000f2880000)
 ParOldGen       total 125440K, used 63437K [0x00000000a0000000, 0x00000000a7a80000, 0x00000000e0000000)
  object space 125440K, 50% used [0x00000000a0000000,0x00000000a3df3708,0x00000000a7a80000)
 Metaspace       used 80482K, capacity 83516K, committed 83864K, reserved 1122304K
  class space    used 10417K, capacity 11058K, committed 11184K, reserved 1048576K
}
Event: 148.087 GC heap before
{Heap before GC invocations=22 (full 3):
 PSYoungGen      total 303104K, used 279049K [0x00000000e0000000, 0x00000000f4d80000, 0x0000000100000000)
  eden space 279040K, 99% used [0x00000000e0000000,0x00000000f106a578,0x00000000f1080000)
  from space 24064K, 0% used [0x00000000f2880000,0x00000000f2898000,0x00000000f4000000)
  to   space 24576K, 0% used [0x00000000f1080000,0x00000000f1080000,0x00000000f2880000)
 ParOldGen       total 125440K, used 63437K [0x00000000a0000000, 0x00000000a7a80000, 0x00000000e0000000)
  object space 125440K, 50% used [0x00000000a0000000,0x00000000a3df3708,0x00000000a7a80000)
 Metaspace       used 81242K, capacity 84348K, committed 84632K, reserved 1122304K
  class space    used 10471K, capacity 11090K, committed 11184K, reserved 1048576K
Event: 148.113 GC heap after
Heap after GC invocations=22 (full 3):
 PSYoungGen      total 303616K, used 7263K [0x00000000e0000000, 0x00000000f7a00000, 0x0000000100000000)
  eden space 279040K, 0% used [0x00000000e0000000,0x00000000e0000000,0x00000000f1080000)
  from space 24576K, 29% used [0x00000000f1080000,0x00000000f1797e30,0x00000000f2880000)
  to   space 23552K, 0% used [0x00000000f6300000,0x00000000f6300000,0x00000000f7a00000)
 ParOldGen       total 125440K, used 63469K [0x00000000a0000000, 0x00000000a7a80000, 0x00000000e0000000)
  object space 125440K, 50% used [0x00000000a0000000,0x00000000a3dfb708,0x00000000a7a80000)
 Metaspace       used 81242K, capacity 84348K, committed 84632K, reserved 1122304K
  class space    used 10471K, capacity 11090K, committed 11184K, reserved 1048576K
}

Deoptimization events (10 events):
Event: 192.182 Thread 0x000000005cb82800 Uncommon trap: reason=class_check action=maybe_recompile pc=0x0000000005000a60 method=com.android.tools.r8.ir.conversion.JarState.recordStateForTarget(I[Lcom/android/tools/r8/ir/conversion/JarState$Local;Lcom/android/tools/r8/com/google/common/collect/Imm
Event: 192.182 Thread 0x000000005cb82800 Uncommon trap: reason=class_check action=maybe_recompile pc=0x0000000005000a60 method=com.android.tools.r8.ir.conversion.JarState.recordStateForTarget(I[Lcom/android/tools/r8/ir/conversion/JarState$Local;Lcom/android/tools/r8/com/google/common/collect/Imm
Event: 192.182 Thread 0x000000005cb82800 Uncommon trap: reason=class_check action=maybe_recompile pc=0x0000000005000a60 method=com.android.tools.r8.ir.conversion.JarState.recordStateForTarget(I[Lcom/android/tools/r8/ir/conversion/JarState$Local;Lcom/android/tools/r8/com/google/common/collect/Imm
Event: 192.204 Thread 0x000000005cb82800 Uncommon trap: reason=bimorphic action=maybe_recompile pc=0x0000000004e43c40 method=com.android.tools.r8.ir.analysis.constant.SparseConditionalConstantPropagation.visitInstruction(Lcom/android/tools/r8/ir/code/Instruction;)V @ 40
Event: 192.205 Thread 0x000000005cb82800 Uncommon trap: reason=unstable_if action=reinterpret pc=0x0000000004fe0758 method=com.android.tools.r8.ir.regalloc.LinearScanRegisterAllocator.isLocalLiveAtInstruction(Lcom/android/tools/r8/ir/code/Instruction;IILcom/android/tools/r8/ir/code/Value;)Z @ 43
Event: 192.224 Thread 0x000000005cb82800 Uncommon trap: reason=bimorphic action=maybe_recompile pc=0x0000000004e43c40 method=com.android.tools.r8.ir.analysis.constant.SparseConditionalConstantPropagation.visitInstruction(Lcom/android/tools/r8/ir/code/Instruction;)V @ 40
Event: 192.224 Thread 0x000000005cb82800 Uncommon trap: reason=bimorphic action=maybe_recompile pc=0x0000000004f12168 method=com.android.tools.r8.com.google.common.collect.AbstractIndexedListIterator.next()Ljava/lang/Object; @ 27
Event: 192.224 Thread 0x000000005cb82800 Uncommon trap: reason=bimorphic action=maybe_recompile pc=0x0000000004f12168 method=com.android.tools.r8.com.google.common.collect.AbstractIndexedListIterator.next()Ljava/lang/Object; @ 27
Event: 192.237 Thread 0x000000005cb82800 Uncommon trap: reason=unstable_if action=reinterpret pc=0x00000000045240d8 method=com.android.tools.r8.ir.conversion.JarState.getLocalRegister(ILcom/android/tools/r8/org/objectweb/asm/Type;)I @ 81
Event: 192.368 Thread 0x000000005cb82800 Uncommon trap: reason=unstable_if action=reinterpret pc=0x0000000004fa8738 method=com.android.tools.r8.ir.conversion.JarState.mergeLocals([Lcom/android/tools/r8/ir/conversion/JarState$Local;[Lcom/android/tools/r8/ir/conversion/JarState$Local;)[Lcom/androi

Classes redefined (0 events):
No events

Internal exceptions (10 events):
Event: 191.992 Thread 0x000000005cb83000 Exception <a 'sun/nio/fs/WindowsException'> (0x00000000ebcd7cb0) thrown at [D:\src\AOSP-openjdk-cygwin\jdk8u\hotspot\src\share\vm\prims\jni.cpp, line 709]
Event: 191.994 Thread 0x000000005cb83000 Exception <a 'sun/nio/fs/WindowsException'> (0x00000000ebd61950) thrown at [D:\src\AOSP-openjdk-cygwin\jdk8u\hotspot\src\share\vm\prims\jni.cpp, line 709]
Event: 191.995 Thread 0x000000005cb83000 Exception <a 'sun/nio/fs/WindowsException'> (0x00000000ebdf0310) thrown at [D:\src\AOSP-openjdk-cygwin\jdk8u\hotspot\src\share\vm\prims\jni.cpp, line 709]
Event: 191.995 Thread 0x000000005cb83000 Exception <a 'sun/nio/fs/WindowsException'> (0x00000000ebe35a68) thrown at [D:\src\AOSP-openjdk-cygwin\jdk8u\hotspot\src\share\vm\prims\jni.cpp, line 709]
Event: 191.996 Thread 0x000000005cb83000 Exception <a 'sun/nio/fs/WindowsException'> (0x00000000ebe7adf8) thrown at [D:\src\AOSP-openjdk-cygwin\jdk8u\hotspot\src\share\vm\prims\jni.cpp, line 709]
Event: 191.997 Thread 0x000000005cb83000 Exception <a 'sun/nio/fs/WindowsException'> (0x00000000ebf04ea0) thrown at [D:\src\AOSP-openjdk-cygwin\jdk8u\hotspot\src\share\vm\prims\jni.cpp, line 709]
Event: 191.997 Thread 0x000000005cb83000 Exception <a 'sun/nio/fs/WindowsException'> (0x00000000ebf4a268) thrown at [D:\src\AOSP-openjdk-cygwin\jdk8u\hotspot\src\share\vm\prims\jni.cpp, line 709]
Event: 192.000 Thread 0x000000005cb83000 Exception <a 'sun/nio/fs/WindowsException'> (0x00000000ebfd54c0) thrown at [D:\src\AOSP-openjdk-cygwin\jdk8u\hotspot\src\share\vm\prims\jni.cpp, line 709]
Event: 192.078 Thread 0x000000005cb7e000 Exception <a 'sun/nio/fs/WindowsException'> (0x00000000eb64fbc8) thrown at [D:\src\AOSP-openjdk-cygwin\jdk8u\hotspot\src\share\vm\prims\jni.cpp, line 709]
Event: 192.368 Thread 0x000000005cb82800 Implicit null exception at 0x0000000004fa8403 to 0x0000000004fa870d

Events (10 events):
Event: 192.238 loading class com/android/tools/r8/ir/code/Cmp$Bias done
Event: 192.240 loading class com/android/tools/r8/cf/code/CfCmp
Event: 192.240 loading class com/android/tools/r8/cf/code/CfCmp done
Event: 192.247 loading class com/android/tools/r8/ir/code/Cmp$1
Event: 192.247 loading class com/android/tools/r8/ir/code/Cmp$1 done
Event: 192.368 Thread 0x000000005cb82800 Uncommon trap: trap_request=0xffffff65 fr.pc=0x0000000004fa8738
Event: 192.368 Thread 0x000000005cb82800 DEOPT PACKING pc=0x0000000004fa8738 sp=0x0000000065d5dd20
Event: 192.368 Thread 0x000000005cb82800 DEOPT UNPACKING pc=0x000000000265557b sp=0x0000000065d5dd00 mode 2
Event: 192.372 Thread 0x000000005cb82800 DEOPT PACKING pc=0x0000000003471369 sp=0x0000000065d5e990
Event: 192.372 Thread 0x000000005cb82800 DEOPT UNPACKING pc=0x00000000026575d0 sp=0x0000000065d5e700 mode 0


Dynamic libraries:
0x000000013f5b0000 - 0x000000013f5e1000 	E:\Program Files\Android\Android Studio\jre\bin\java.exe
0x0000000077540000 - 0x00000000776e9000 	C:\Windows\SYSTEM32\ntdll.dll
0x0000000077320000 - 0x0000000077440000 	C:\Windows\system32\kernel32.dll
0x000007fefd5f0000 - 0x000007fefd65c000 	C:\Windows\system32\KERNELBASE.dll
0x000007feff4f0000 - 0x000007feff5cb000 	C:\Windows\system32\ADVAPI32.dll
0x000007feff5d0000 - 0x000007feff66f000 	C:\Windows\system32\msvcrt.dll
0x000007fefdc20000 - 0x000007fefdc3f000 	C:\Windows\SYSTEM32\sechost.dll
0x000007feff1d0000 - 0x000007feff2fd000 	C:\Windows\system32\RPCRT4.dll
0x0000000077440000 - 0x000000007753a000 	C:\Windows\system32\USER32.dll
0x000007fefe330000 - 0x000007fefe397000 	C:\Windows\system32\GDI32.dll
0x000007fefdc10000 - 0x000007fefdc1e000 	C:\Windows\system32\LPK.dll
0x000007fefdb40000 - 0x000007fefdc09000 	C:\Windows\system32\USP10.dll
0x000007fefb8c0000 - 0x000007fefbab4000 	C:\Windows\WinSxS\amd64_microsoft.windows.common-controls_6595b64144ccf1df_6.0.7601.18837_none_fa3b1e3d17594757\COMCTL32.dll
0x000007fefe210000 - 0x000007fefe281000 	C:\Windows\system32\SHLWAPI.dll
0x000007fefe1e0000 - 0x000007fefe20e000 	C:\Windows\system32\IMM32.DLL
0x000007fefde50000 - 0x000007fefdf59000 	C:\Windows\system32\MSCTF.dll
0x0000000073b20000 - 0x0000000073bf2000 	E:\Program Files\Android\Android Studio\jre\jre\bin\msvcr100.dll
0x000000006b420000 - 0x000000006bc61000 	E:\Program Files\Android\Android Studio\jre\jre\bin\server\jvm.dll
0x000007feed5f0000 - 0x000007feed5f9000 	C:\Windows\system32\WSOCK32.dll
0x000007fefdaf0000 - 0x000007fefdb3d000 	C:\Windows\system32\WS2_32.dll
0x000007fefe1d0000 - 0x000007fefe1d8000 	C:\Windows\system32\NSI.dll
0x000007fefa720000 - 0x000007fefa75b000 	C:\Windows\system32\WINMM.dll
0x000007fefc360000 - 0x000007fefc36c000 	C:\Windows\system32\VERSION.dll
0x0000000077700000 - 0x0000000077707000 	C:\Windows\system32\PSAPI.DLL
0x000007fef7c50000 - 0x000007fef7c5f000 	E:\Program Files\Android\Android Studio\jre\jre\bin\verify.dll
0x000007fef6600000 - 0x000007fef6629000 	E:\Program Files\Android\Android Studio\jre\jre\bin\java.dll
0x000007fef65e0000 - 0x000007fef65f6000 	E:\Program Files\Android\Android Studio\jre\jre\bin\zip.dll
0x000007fefe440000 - 0x000007feff1c9000 	C:\Windows\system32\SHELL32.dll
0x000007fefdc40000 - 0x000007fefde43000 	C:\Windows\system32\ole32.dll
0x000007fefd2f0000 - 0x000007fefd2ff000 	C:\Windows\system32\profapi.dll
0x000007fef65c0000 - 0x000007fef65da000 	E:\Program Files\Android\Android Studio\jre\jre\bin\net.dll
0x000007fefca80000 - 0x000007fefcad5000 	C:\Windows\system32\mswsock.dll
0x000007fefca70000 - 0x000007fefca77000 	C:\Windows\System32\wship6.dll
0x000007fef65a0000 - 0x000007fef65b1000 	E:\Program Files\Android\Android Studio\jre\jre\bin\nio.dll
0x000007fefb6a0000 - 0x000007fefb6be000 	C:\Users\Verandis\.gradle\native\25\windows-amd64\native-platform.dll
0x000007fef7c30000 - 0x000007fef7c3d000 	E:\Program Files\Android\Android Studio\jre\jre\bin\management.dll
0x000007fefcae0000 - 0x000007fefcaf8000 	C:\Windows\system32\CRYPTSP.dll
0x000007fefc7e0000 - 0x000007fefc827000 	C:\Windows\system32\rsaenh.dll
0x000007fefd310000 - 0x000007fefd32e000 	C:\Windows\system32\USERENV.dll
0x000007fefd180000 - 0x000007fefd18f000 	C:\Windows\system32\CRYPTBASE.dll
0x000007fefaef0000 - 0x000007fefaf17000 	C:\Windows\system32\IPHLPAPI.DLL
0x000007fefb180000 - 0x000007fefb18b000 	C:\Windows\system32\WINNSI.DLL
0x000007fefadb0000 - 0x000007fefadc1000 	C:\Windows\system32\dhcpcsvc6.DLL
0x000007fefad90000 - 0x000007fefada8000 	C:\Windows\system32\dhcpcsvc.DLL
0x000007fefd0e0000 - 0x000007fefd137000 	C:\Windows\system32\apphelp.dll

VM Arguments:
jvm_args: -Xmx1536m -Dfile.encoding=windows-1251 -Duser.country=RU -Duser.language=ru -Duser.variant 
java_command: org.gradle.launcher.daemon.bootstrap.GradleDaemon 4.6
java_class_path (initial): C:\Users\Verandis\.gradle\wrapper\dists\gradle-4.6-all\bcst21l2brirad8k2ben1letg\gradle-4.6\lib\gradle-launcher-4.6.jar
Launcher Type: SUN_STANDARD

Environment Variables:
JAVA_HOME=C:\Program Files\Java\jdk1.8.0_05
CLASSPATH=.;
PATH=C:\Program Files (x86)\Common Files\Oracle\Java\javapath;C:\Program Files (x86)\NVIDIA Corporation\PhysX\Common;C:\ProgramData\Oracle\Java\javapath;C:\Program Files\Java\jdk1.8.0_05\bin;C:\Program Files\Common Files\Microsoft Shared\Windows Live;C:\Program Files (x86)\Common Files\Microsoft Shared\Windows Live;C:\Windows\system32;C:\Windows;C:\Windows\System32\Wbem;C:\Windows\System32\WindowsPowerShell\v1.0\;C:\Program Files (x86)\Windows Live\Shared;C:\Program Files\Microsoft\Web Platform Installer\;C:\Windows\system32\config\systemprofile\.dnx\bin;C:\Program Files\Microsoft DNX\Dnvm\;C:\Program Files (x86)\Skype\Phone\;C:\Program Files\Microsoft SQL Server\Client SDK\ODBC\110\Tools\Binn\;C:\Program Files (x86)\Microsoft SQL Server\120\Tools\Binn\;C:\Program Files\Microsoft SQL Server\120\Tools\Binn\;C:\Program Files\Microsoft SQL Server\120\DTS\Binn\;C:\Program Files (x86)\Windows Kits\8.1\Windows Performance Toolkit\;E:\Program Files\Git\cmd;C:\Users\Verandis\.dnx\bin;C:\Users\Verandis\AppData\Local\GitHubDesktop\bin;E:\Users\Vesrand\apache-maven-3.5.4\bin
USERNAME=Verandis
OS=Windows_NT
PROCESSOR_IDENTIFIER=Intel64 Family 6 Model 58 Stepping 9, GenuineIntel



---------------  S Y S T E M  ---------------

OS: Windows 7 , 64 bit Build 7601 (6.1.7601.19018)

CPU:total 4 (initial active 4) (4 cores per cpu, 1 threads per core) family 6 model 58 stepping 9, cmov, cx8, fxsr, mmx, sse, sse2, sse3, ssse3, sse4.1, sse4.2, popcnt, avx, aes, clmul, erms, tsc, tscinvbit, tscinv

Memory: 4k page, physical 8348736k(1880612k free), swap 11133540k(23936k free)

vm_info: OpenJDK 64-Bit Server VM (25.152-b06) for windows-amd64 JRE (1.8.0_152-release-1136-b06), built by "builder" with MS VC++ 10.0 (VS2010)

time: Sat Sep 29 18:36:51 2018
elapsed time: 192 seconds (0d 0h 3m 12s)

